app/proguard-rules.pro
# Add project specific ProGuard rules here.

# Hilt
-keep class dagger.hilt.** { *; }
-keep class * extends dagger.hilt.android.lifecycle.HiltViewModel
-keepclassmembers class * extends androidx.lifecycle.ViewModel {
    <init>(...);
}

# Room
-keep class * extends androidx.room.RoomDatabase
-dontwarn androidx.room.paging.**

# Compose
-keep class androidx.compose.runtime.** { *; }