app/build/outputs/mapping/release/configuration.txt
# The proguard configuration file for the following section is release\processReleaseResources\aapt_rules.txt
-keep class androidx.core.app.CoreComponentFactory { <init>(); }
-keep class androidx.core.content.FileProvider { <init>(); }
-keep class androidx.profileinstaller.ProfileInstallReceiver { <init>(); }
-keep class androidx.room.MultiInstanceInvalidationService { <init>(); }
-keep class androidx.startup.InitializationProvider { <init>(); }
-keep class androidx.work.impl.background.systemalarm.ConstraintProxy$BatteryChargingProxy { <init>(); }
-keep class androidx.work.impl.background.systemalarm.ConstraintProxy$BatteryNotLowProxy { <init>(); }
-keep class androidx.work.impl.background.systemalarm.ConstraintProxy$NetworkStateProxy { <init>(); }
-keep class androidx.work.impl.background.systemalarm.ConstraintProxy$StorageNotLowProxy { <init>(); }
-keep class androidx.work.impl.background.systemalarm.ConstraintProxyUpdateReceiver { <init>(); }
-keep class androidx.work.impl.background.systemalarm.RescheduleReceiver { <init>(); }
-keep class androidx.work.impl.background.systemalarm.SystemAlarmService { <init>(); }
-keep class androidx.work.impl.background.systemjob.SystemJobService { <init>(); }
-keep class androidx.work.impl.diagnostics.DiagnosticsReceiver { <init>(); }
-keep class androidx.work.impl.foreground.SystemForegroundService { <init>(); }
-keep class androidx.work.impl.utils.ForceStopRunnable$BroadcastReceiver { <init>(); }
-keep class com.kairos.KairosApplication { <init>(); }
-keep class com.kairos.MainActivity { <init>(); }
-keep class androidx.media3.ui.AspectRatioFrameLayout { <init>(android.content.Context, android.util.AttributeSet); }

-keep class androidx.media3.ui.SubtitleView { <init>(android.content.Context, android.util.AttributeSet); }

-keep class androidx.media3.ui.TrackSelectionView { <init>(android.content.Context, android.util.AttributeSet); }

-keep class androidx.recyclerview.widget.RecyclerView { <init>(android.content.Context, android.util.AttributeSet); }


# End of content from release\processReleaseResources\aapt_rules.txt
# The proguard configuration file for the following section is default_proguard_files\global\proguard-android-optimize.txt-8.7.3
# This is a configuration file for ProGuard.
# http://proguard.sourceforge.net/index.html#manual/usage.html
#
# Starting with version 2.2 of the Android plugin for Gradle, this file is distributed together with
# the plugin and unpacked at build-time. The files in $ANDROID_HOME are no longer maintained and
# will be ignored by new version of the Android plugin for Gradle.

# Optimizations: If you don't want to optimize, use the proguard-android.txt configuration file
# instead of this one, which turns off the optimization flags.
-allowaccessmodification

# Preserve some attributes that may be required for reflection.
-keepattributes AnnotationDefault,
                EnclosingMethod,
                InnerClasses,
                RuntimeVisibleAnnotations,
                RuntimeVisibleParameterAnnotations,
                RuntimeVisibleTypeAnnotations,
                Signature

-keep public class com.google.vending.licensing.ILicensingService
-keep public class com.android.vending.licensing.ILicensingService
-keep public class com.google.android.vending.licensing.ILicensingService
-dontnote com.android.vending.licensing.ILicensingService
-dontnote com.google.vending.licensing.ILicensingService
-dontnote com.google.android.vending.licensing.ILicensingService

# For native methods, see https://www.guardsquare.com/manual/configuration/examples#native
-keepclasseswithmembernames,includedescriptorclasses class * {
    native <methods>;
}

# Keep setters in Views so that animations can still work.
-keepclassmembers public class * extends android.view.View {
    void set*(***);
    *** get*();
}

# We want to keep methods in Activity that could be used in the XML attribute onClick.
-keepclassmembers class * extends android.app.Activity {
    public void *(android.view.View);
}

# For enumeration classes, see https://www.guardsquare.com/manual/configuration/examples#enumerations
-keepclassmembers enum * {
    public static **[] values();
    public static ** valueOf(java.lang.String);
}

-keepclassmembers class * implements android.os.Parcelable {
    public static final ** CREATOR;
}

# Preserve annotated Javascript interface methods.
-keepclassmembers class * {
    @android.webkit.JavascriptInterface <methods>;
}

# The support libraries contains references to newer platform versions.
# Don't warn about those in case this app is linking against an older
# platform version. We know about them, and they are safe.
-dontnote android.support.**
-dontnote androidx.**
-dontwarn android.support.**
-dontwarn androidx.**

# Understand the @Keep support annotation.
-keep class android.support.annotation.Keep

-keep @android.support.annotation.Keep class * {*;}

-keepclasseswithmembers class * {
    @android.support.annotation.Keep <methods>;
}

-keepclasseswithmembers class * {
    @android.support.annotation.Keep <fields>;
}

-keepclasseswithmembers class * {
    @android.support.annotation.Keep <init>(...);
}

# These classes are duplicated between android.jar and org.apache.http.legacy.jar.
-dontnote org.apache.http.**
-dontnote android.net.http.**

# These classes are duplicated between android.jar and core-lambda-stubs.jar.
-dontnote java.lang.invoke.**

# End of content from default_proguard_files\global\proguard-android-optimize.txt-8.7.3
# The proguard configuration file for the following section is Kairos\app\proguard-rules.pro
# Add project specific ProGuard rules here.

# Hilt
-keep class dagger.hilt.** { *; }
-keep class * extends dagger.hilt.android.lifecycle.HiltViewModel
-keepclassmembers class * extends androidx.lifecycle.ViewModel {
    <init>(...);
}

# Room
-keep class * extends androidx.room.RoomDatabase
-dontwarn androidx.room.paging.**

# Compose
-keep class androidx.compose.runtime.** { *; }

# End of content from Kairos\app\proguard-rules.pro
# The proguard configuration file for the following section is exportReleaseConsumerProguardFiles\lib0\proguard.txt
# Consumer ProGuard rules for :data
-keep class * extends androidx.room.RoomDatabase
-keep class androidx.room.** { *; }

# End of content from exportReleaseConsumerProguardFiles\lib0\proguard.txt
# The proguard configuration file for the following section is exportReleaseConsumerProguardFiles\lib0\proguard.txt
# Consumer ProGuard rules for :features

# End of content from exportReleaseConsumerProguardFiles\lib0\proguard.txt
# The proguard configuration file for the following section is exportReleaseConsumerProguardFiles\lib1\proguard.txt
-keep,allowobfuscation,allowshrinking class com.kairos.features.cases.CaseDetailViewModel

-keep,allowobfuscation,allowshrinking class com.kairos.features.cases.CaseDetailViewModel
-keep,allowobfuscation,allowshrinking class com.kairos.features.cases.CaseDetailViewModel

-keep,allowobfuscation,allowshrinking class com.kairos.features.cases.CaseDetailViewModel
-keep,allowobfuscation,allowshrinking class com.kairos.features.cases.CaseDetailViewModel
-keep,allowobfuscation,allowshrinking class com.kairos.features.cases.CaseFeedViewModel

-keep,allowobfuscation,allowshrinking class com.kairos.features.cases.CaseDetailViewModel
-keep,allowobfuscation,allowshrinking class com.kairos.features.cases.CaseDetailViewModel
-keep,allowobfuscation,allowshrinking class com.kairos.features.cases.CaseFeedViewModel
-keep,allowobfuscation,allowshrinking class com.kairos.features.cases.CaseFeedViewModel

-keep,allowobfuscation,allowshrinking class com.kairos.features.cases.CaseDetailViewModel
-keep,allowobfuscation,allowshrinking class com.kairos.features.cases.CaseDetailViewModel
-keep,allowobfuscation,allowshrinking class com.kairos.features.cases.CaseFeedViewModel
-keep,allowobfuscation,allowshrinking class com.kairos.features.cases.CaseFeedViewModel
-keep,allowobfuscation,allowshrinking class com.kairos.features.cases.DiagnosisBrowseViewModel

-keep,allowobfuscation,allowshrinking class com.kairos.features.cases.CaseDetailViewModel
-keep,allowobfuscation,allowshrinking class com.kairos.features.cases.CaseDetailViewModel
-keep,allowobfuscation,allowshrinking class com.kairos.features.cases.CaseFeedViewModel
-keep,allowobfuscation,allowshrinking class com.kairos.features.cases.CaseFeedViewModel
-keep,allowobfuscation,allowshrinking class com.kairos.features.cases.DiagnosisBrowseViewModel
-keep,allowobfuscation,allowshrinking class com.kairos.features.cases.DiagnosisBrowseViewModel

-keep,allowobfuscation,allowshrinking class com.kairos.features.cases.CaseDetailViewModel
-keep,allowobfuscation,allowshrinking class com.kairos.features.cases.CaseDetailViewModel
-keep,allowobfuscation,allowshrinking class com.kairos.features.cases.CaseFeedViewModel
-keep,allowobfuscation,allowshrinking class com.kairos.features.cases.CaseFeedViewModel
-keep,allowobfuscation,allowshrinking class com.kairos.features.cases.DiagnosisBrowseViewModel
-keep,allowobfuscation,allowshrinking class com.kairos.features.cases.DiagnosisBrowseViewModel
-keep,allowobfuscation,allowshrinking class com.kairos.features.consultation.ConsultationViewModel

-keep,allowobfuscation,allowshrinking class com.kairos.features.cases.CaseDetailViewModel
-keep,allowobfuscation,allowshrinking class com.kairos.features.cases.CaseDetailViewModel
-keep,allowobfuscation,allowshrinking class com.kairos.features.cases.CaseFeedViewModel
-keep,allowobfuscation,allowshrinking class com.kairos.features.cases.CaseFeedViewModel
-keep,allowobfuscation,allowshrinking class com.kairos.features.cases.DiagnosisBrowseViewModel
-keep,allowobfuscation,allowshrinking class com.kairos.features.cases.DiagnosisBrowseViewModel
-keep,allowobfuscation,allowshrinking class com.kairos.features.consultation.ConsultationViewModel
-keep,allowobfuscation,allowshrinking class com.kairos.features.consultation.ConsultationViewModel

-keep,allowobfuscation,allowshrinking class com.kairos.features.cases.CaseDetailViewModel
-keep,allowobfuscation,allowshrinking class com.kairos.features.cases.CaseDetailViewModel
-keep,allowobfuscation,allowshrinking class com.kairos.features.cases.CaseFeedViewModel
-keep,allowobfuscation,allowshrinking class com.kairos.features.cases.CaseFeedViewModel
-keep,allowobfuscation,allowshrinking class com.kairos.features.cases.DiagnosisBrowseViewModel
-keep,allowobfuscation,allowshrinking class com.kairos.features.cases.DiagnosisBrowseViewModel
-keep,allowobfuscation,allowshrinking class com.kairos.features.consultation.ConsultationViewModel
-keep,allowobfuscation,allowshrinking class com.kairos.features.consultation.ConsultationViewModel
-keep,allowobfuscation,allowshrinking class com.kairos.features.patient.PatientCaseViewModel

-keep,allowobfuscation,allowshrinking class com.kairos.features.cases.CaseDetailViewModel
-keep,allowobfuscation,allowshrinking class com.kairos.features.cases.CaseDetailViewModel
-keep,allowobfuscation,allowshrinking class com.kairos.features.cases.CaseFeedViewModel
-keep,allowobfuscation,allowshrinking class com.kairos.features.cases.CaseFeedViewModel
-keep,allowobfuscation,allowshrinking class com.kairos.features.cases.DiagnosisBrowseViewModel
-keep,allowobfuscation,allowshrinking class com.kairos.features.cases.DiagnosisBrowseViewModel
-keep,allowobfuscation,allowshrinking class com.kairos.features.consultation.ConsultationViewModel
-keep,allowobfuscation,allowshrinking class com.kairos.features.consultation.ConsultationViewModel
-keep,allowobfuscation,allowshrinking class com.kairos.features.patient.PatientCaseViewModel
-keep,allowobfuscation,allowshrinking class com.kairos.features.patient.PatientCaseViewModel

-keep,allowobfuscation,allowshrinking class com.kairos.features.cases.CaseDetailViewModel
-keep,allowobfuscation,allowshrinking class com.kairos.features.cases.CaseDetailViewModel
-keep,allowobfuscation,allowshrinking class com.kairos.features.cases.CaseFeedViewModel
-keep,allowobfuscation,allowshrinking class com.kairos.features.cases.CaseFeedViewModel
-keep,allowobfuscation,allowshrinking class com.kairos.features.cases.DiagnosisBrowseViewModel
-keep,allowobfuscation,allowshrinking class com.kairos.features.cases.DiagnosisBrowseViewModel
-keep,allowobfuscation,allowshrinking class com.kairos.features.consultation.ConsultationViewModel
-keep,allowobfuscation,allowshrinking class com.kairos.features.consultation.ConsultationViewModel
-keep,allowobfuscation,allowshrinking class com.kairos.features.patient.PatientCaseViewModel
-keep,allowobfuscation,allowshrinking class com.kairos.features.patient.PatientCaseViewModel
-keep,allowobfuscation,allowshrinking class com.kairos.features.settings.SettingsViewModel

-keep,allowobfuscation,allowshrinking class com.kairos.features.cases.CaseDetailViewModel
-keep,allowobfuscation,allowshrinking class com.kairos.features.cases.CaseDetailViewModel
-keep,allowobfuscation,allowshrinking class com.kairos.features.cases.CaseFeedViewModel
-keep,allowobfuscation,allowshrinking class com.kairos.features.cases.CaseFeedViewModel
-keep,allowobfuscation,allowshrinking class com.kairos.features.cases.DiagnosisBrowseViewModel
-keep,allowobfuscation,allowshrinking class com.kairos.features.cases.DiagnosisBrowseViewModel
-keep,allowobfuscation,allowshrinking class com.kairos.features.consultation.ConsultationViewModel
-keep,allowobfuscation,allowshrinking class com.kairos.features.consultation.ConsultationViewModel
-keep,allowobfuscation,allowshrinking class com.kairos.features.patient.PatientCaseViewModel
-keep,allowobfuscation,allowshrinking class com.kairos.features.patient.PatientCaseViewModel
-keep,allowobfuscation,allowshrinking class com.kairos.features.settings.SettingsViewModel
-keep,allowobfuscation,allowshrinking class com.kairos.features.settings.SettingsViewModel

-keep,allowobfuscation,allowshrinking class com.kairos.features.cases.CaseDetailViewModel
-keep,allowobfuscation,allowshrinking class com.kairos.features.cases.CaseDetailViewModel
-keep,allowobfuscation,allowshrinking class com.kairos.features.cases.CaseFeedViewModel
-keep,allowobfuscation,allowshrinking class com.kairos.features.cases.CaseFeedViewModel
-keep,allowobfuscation,allowshrinking class com.kairos.features.cases.DiagnosisBrowseViewModel
-keep,allowobfuscation,allowshrinking class com.kairos.features.cases.DiagnosisBrowseViewModel
-keep,allowobfuscation,allowshrinking class com.kairos.features.consultation.ConsultationViewModel
-keep,allowobfuscation,allowshrinking class com.kairos.features.consultation.ConsultationViewModel
-keep,allowobfuscation,allowshrinking class com.kairos.features.patient.PatientCaseViewModel
-keep,allowobfuscation,allowshrinking class com.kairos.features.patient.PatientCaseViewModel
-keep,allowobfuscation,allowshrinking class com.kairos.features.settings.SettingsViewModel
-keep,allowobfuscation,allowshrinking class com.kairos.features.settings.SettingsViewModel
-keep,allowobfuscation,allowshrinking class com.kairos.features.settings.TrashViewModel

-keep,allowobfuscation,allowshrinking class com.kairos.features.cases.CaseDetailViewModel
-keep,allowobfuscation,allowshrinking class com.kairos.features.cases.CaseDetailViewModel
-keep,allowobfuscation,allowshrinking class com.kairos.features.cases.CaseFeedViewModel
-keep,allowobfuscation,allowshrinking class com.kairos.features.cases.CaseFeedViewModel
-keep,allowobfuscation,allowshrinking class com.kairos.features.cases.DiagnosisBrowseViewModel
-keep,allowobfuscation,allowshrinking class com.kairos.features.cases.DiagnosisBrowseViewModel
-keep,allowobfuscation,allowshrinking class com.kairos.features.consultation.ConsultationViewModel
-keep,allowobfuscation,allowshrinking class com.kairos.features.consultation.ConsultationViewModel
-keep,allowobfuscation,allowshrinking class com.kairos.features.patient.PatientCaseViewModel
-keep,allowobfuscation,allowshrinking class com.kairos.features.patient.PatientCaseViewModel
-keep,allowobfuscation,allowshrinking class com.kairos.features.settings.SettingsViewModel
-keep,allowobfuscation,allowshrinking class com.kairos.features.settings.SettingsViewModel
-keep,allowobfuscation,allowshrinking class com.kairos.features.settings.TrashViewModel
-keep,allowobfuscation,allowshrinking class com.kairos.features.settings.TrashViewModel

-keep,allowobfuscation,allowshrinking class com.kairos.features.cases.CaseDetailViewModel
-keep,allowobfuscation,allowshrinking class com.kairos.features.cases.CaseDetailViewModel
-keep,allowobfuscation,allowshrinking class com.kairos.features.cases.CaseFeedViewModel
-keep,allowobfuscation,allowshrinking class com.kairos.features.cases.CaseFeedViewModel
-keep,allowobfuscation,allowshrinking class com.kairos.features.cases.DiagnosisBrowseViewModel
-keep,allowobfuscation,allowshrinking class com.kairos.features.cases.DiagnosisBrowseViewModel
-keep,allowobfuscation,allowshrinking class com.kairos.features.consultation.ConsultationViewModel
-keep,allowobfuscation,allowshrinking class com.kairos.features.consultation.ConsultationViewModel
-keep,allowobfuscation,allowshrinking class com.kairos.features.patient.PatientCaseViewModel
-keep,allowobfuscation,allowshrinking class com.kairos.features.patient.PatientCaseViewModel
-keep,allowobfuscation,allowshrinking class com.kairos.features.settings.SettingsViewModel
-keep,allowobfuscation,allowshrinking class com.kairos.features.settings.SettingsViewModel
-keep,allowobfuscation,allowshrinking class com.kairos.features.settings.TrashViewModel
-keep,allowobfuscation,allowshrinking class com.kairos.features.settings.TrashViewModel
-keep,allowobfuscation,allowshrinking class com.kairos.features.shifts.ShiftDetailViewModel

-keep,allowobfuscation,allowshrinking class com.kairos.features.cases.CaseDetailViewModel
-keep,allowobfuscation,allowshrinking class com.kairos.features.cases.CaseDetailViewModel
-keep,allowobfuscation,allowshrinking class com.kairos.features.cases.CaseFeedViewModel
-keep,allowobfuscation,allowshrinking class com.kairos.features.cases.CaseFeedViewModel
-keep,allowobfuscation,allowshrinking class com.kairos.features.cases.DiagnosisBrowseViewModel
-keep,allowobfuscation,allowshrinking class com.kairos.features.cases.DiagnosisBrowseViewModel
-keep,allowobfuscation,allowshrinking class com.kairos.features.consultation.ConsultationViewModel
-keep,allowobfuscation,allowshrinking class com.kairos.features.consultation.ConsultationViewModel
-keep,allowobfuscation,allowshrinking class com.kairos.features.patient.PatientCaseViewModel
-keep,allowobfuscation,allowshrinking class com.kairos.features.patient.PatientCaseViewModel
-keep,allowobfuscation,allowshrinking class com.kairos.features.settings.SettingsViewModel
-keep,allowobfuscation,allowshrinking class com.kairos.features.settings.SettingsViewModel
-keep,allowobfuscation,allowshrinking class com.kairos.features.settings.TrashViewModel
-keep,allowobfuscation,allowshrinking class com.kairos.features.settings.TrashViewModel
-keep,allowobfuscation,allowshrinking class com.kairos.features.shifts.ShiftDetailViewModel
-keep,allowobfuscation,allowshrinking class com.kairos.features.shifts.ShiftDetailViewModel

-keep,allowobfuscation,allowshrinking class com.kairos.features.cases.CaseDetailViewModel
-keep,allowobfuscation,allowshrinking class com.kairos.features.cases.CaseDetailViewModel
-keep,allowobfuscation,allowshrinking class com.kairos.features.cases.CaseFeedViewModel
-keep,allowobfuscation,allowshrinking class com.kairos.features.cases.CaseFeedViewModel
-keep,allowobfuscation,allowshrinking class com.kairos.features.cases.DiagnosisBrowseViewModel
-keep,allowobfuscation,allowshrinking class com.kairos.features.cases.DiagnosisBrowseViewModel
-keep,allowobfuscation,allowshrinking class com.kairos.features.consultation.ConsultationViewModel
-keep,allowobfuscation,allowshrinking class com.kairos.features.consultation.ConsultationViewModel