app/build/outputs/mapping/release/seeds.txt
com.kairos.features.shifts.ShiftDetailViewModel
com.kairos.MainActivity
com.kairos.features.cases.CaseFeedViewModel
com.kairos.features.cases.DiagnosisBrowseViewModel
com.kairos.features.settings.SettingsViewModel
com.kairos.data.db.KairosDatabase_Impl
com.kairos.data.backup.ScheduledBackupWorker
com.kairos.data.backup.TrashPurgeWorker
com.kairos.features.patient.PatientCaseViewModel
com.kairos.KairosApplication_GeneratedInjector
com.kairos.features.consultation.ConsultationViewModel
com.kairos.features.settings.TrashViewModel
com.kairos.KairosApplication
com.kairos.features.cases.CaseDetailViewModel
com.kairos.MainActivity_GeneratedInjector
com.kairos.data.db.KairosDatabase
com.kairos.features.shifts.ShiftsViewModel
com.kairos.KairosApplication: KairosApplication()
com.kairos.core.model.BackupSchedule: com.kairos.core.model.BackupSchedule valueOf(java.lang.String)
com.kairos.core.model.MediaType: com.kairos.core.model.MediaType[] values()
com.kairos.core.model.DiagnosisSortMode: com.kairos.core.model.DiagnosisSortMode valueOf(java.lang.String)
com.kairos.features.patient.PatientCaseViewModel: PatientCaseViewModel(com.kairos.core.repository.PatientRepository,com.kairos.core.repository.CaseRepository,com.kairos.core.repository.DiagnosisRepository,com.kairos.core.repository.MediaRepository,com.kairos.core.media.MediaFileManager,com.kairos.core.media.AudioRecorderEngine)
com.kairos.features.cases.CaseFeedViewModel: CaseFeedViewModel(androidx.lifecycle.SavedStateHandle,com.kairos.core.repository.CaseRepository)
com.kairos.data.backup.ScheduledBackupWorker: ScheduledBackupWorker(android.content.Context,androidx.work.WorkerParameters,com.kairos.data.backup.BackupEngine,com.kairos.core.repository.SettingsRepository)
com.kairos.MainActivity: MainActivity()
com.kairos.navigation.TopLevelDestination: com.kairos.navigation.TopLevelDestination[] values()
com.kairos.data.db.KairosDatabase: KairosDatabase()
com.kairos.navigation.TopLevelDestination: com.kairos.navigation.TopLevelDestination valueOf(java.lang.String)
com.kairos.data.db.KairosDatabase_Impl: KairosDatabase_Impl()
com.kairos.features.cases.DiagnosisBrowseViewModel: DiagnosisBrowseViewModel(com.kairos.core.repository.DiagnosisRepository)
com.kairos.core.model.ThemeMode: com.kairos.core.model.ThemeMode[] values()
com.kairos.data.backup.TrashPurgeWorker: TrashPurgeWorker(android.content.Context,androidx.work.WorkerParameters,com.kairos.data.db.dao.PatientDao,com.kairos.data.db.dao.CaseDao,com.kairos.data.db.dao.CaseMediaDao,com.kairos.data.db.dao.ShiftDao,com.kairos.data.db.dao.ConsultationSessionDao,com.kairos.core.media.MediaFileManager)
com.kairos.features.cases.CaseDetailViewModel: CaseDetailViewModel(androidx.lifecycle.SavedStateHandle,com.kairos.core.repository.CaseRepository,com.kairos.core.repository.MediaRepository)
com.kairos.core.model.MediaType: com.kairos.core.model.MediaType valueOf(java.lang.String)
com.kairos.core.model.ThemeMode: com.kairos.core.model.ThemeMode valueOf(java.lang.String)
com.kairos.core.model.DiagnosisSortMode: com.kairos.core.model.DiagnosisSortMode[] values()
com.kairos.features.settings.SettingsViewModel: SettingsViewModel(com.kairos.core.repository.SettingsRepository,com.kairos.core.repository.BackupRepository)
com.kairos.core.model.BackupSchedule: com.kairos.core.model.BackupSchedule[] values()
com.kairos.features.shifts.ShiftDetailViewModel: ShiftDetailViewModel(androidx.lifecycle.SavedStateHandle,com.kairos.core.repository.ShiftRepository,com.kairos.core.repository.CaseRepository)
com.kairos.features.consultation.ConsultationViewModel: ConsultationViewModel(com.kairos.core.repository.SettingsRepository,com.kairos.core.repository.ConsultationRepository,com.kairos.core.repository.CaseRepository)
com.kairos.features.settings.TrashViewModel: TrashViewModel(com.kairos.core.repository.PatientRepository,com.kairos.core.repository.CaseRepository,com.kairos.core.repository.ShiftRepository,com.kairos.core.repository.ConsultationRepository)
...
com.mohamedrejeb.ksoup.html.parser.KsoupHtmlParser: java.util.Set htmlIntegrationElements
androidx.room.paging.CursorSQLiteStatement: android.database.Cursor cursor
androidx.room.coroutines.PooledConnectionImpl$TransactionItem: int id
androidx.compose.runtime.snapshots.SnapshotApplyConflictException: androidx.compose.runtime.snapshots.Snapshot snapshot
androidx.room.TriggerBasedInvalidationTracker$refreshInvalidation$1: int label
androidx.compose.runtime.external.kotlinx.collections.immutable.adapters.ImmutableListAdapter: java.util.List impl
androidx.compose.runtime.SnapshotStateKt__SnapshotFlowKt$snapshotFlow$1$readObserver$1: androidx.collection.MutableScatterSet $readSet
androidx.compose.runtime.ComposerImpl$insertMovableContentGuarded$1$1$2$1$1$1$1: androidx.compose.runtime.ComposerImpl this$0
androidx.room.TriggerBasedInvalidationTracker$syncTriggers$2$1$1: int I$2
androidx.room.driver.ResultCode: int SQLITE_MISUSE
com.mohamedrejeb.ksoup.html.tokenizer.KsoupTokenizer$State: com.mohamedrejeb.ksoup.html.tokenizer.KsoupTokenizer$State BeforeSpecialS
androidx.compose.runtime.external.kotlinx.collections.immutable.implementations.persistentOrderedMap.LinkedValue: java.lang.Object previous
androidx.media3.extractor.metadata.dvbsi.AppInfoTable: android.os.Parcelable$Creator CREATOR
androidx.room.RoomDatabaseKt__RoomDatabaseKt$useWriterConnection$2: kotlin.jvm.functions.Function2 $block
androidx.compose.runtime.changelist.Operation$InsertSlots: androidx.compose.runtime.changelist.Operation$InsertSlots INSTANCE
androidx.room.ObserverWrapper: java.util.Set singleTableSet
androidx.compose.runtime.PausableMonotonicFrameClock$withFrameNanos$1: java.lang.Object result
androidx.compose.runtime.ComputedProvidableCompositionLocal: androidx.compose.runtime.ComputedValueHolder defaultValueHolder
androidx.datastore.preferences.PreferencesProto$Value: int LONG_FIELD_NUMBER
androidx.room.TriggerBasedInvalidationTracker$createFlow$1: int[] $tableIds
androidx.compose.runtime.snapshots.SnapshotKt: int nextSnapshotId
com.mohamedrejeb.ksoup.html.tokenizer.KsoupTokenizer$CharCodes: com.mohamedrejeb.ksoup.html.tokenizer.KsoupTokenizer$CharCodes Zero
androidx.compose.runtime.internal.ComposableLambdaImpl$invoke$9: androidx.compose.runtime.internal.ComposableLambdaImpl this$0
androidx.compose.runtime.external.kotlinx.collections.immutable.implementations.immutableMap.PersistentHashMapBuilderEntriesIterator: androidx.compose.runtime.external.kotlinx.collections.immutable.implementations.immutableMap.PersistentHashMapBuilderBaseIterator base
androidx.compose.runtime.ComputedProvidableCompositionLocal: int $stable
androidx.compose.runtime.snapshots.SnapshotContextElement: androidx.compose.runtime.snapshots.SnapshotContextElement$Key Key
androidx.room.ObservedTableStates: java.util.concurrent.locks.ReentrantLock lock
androidx.room.Room: java.lang.String MASTER_TABLE_NAME
androidx.room.RoomDatabase$Builder: java.util.List typeConverters
androidx.room.TriggerBasedInvalidationTracker$syncTriggers$1: androidx.room.TriggerBasedInvalidationTracker this$0
androidx.compose.runtime.changelist.ComposerChangeListWriter: int pendingUps
androidx.room.RoomOpenHelper: java.lang.String identityHash
androidx.room.TriggerBasedInvalidationTracker$createFlow$1$2: java.lang.String[] $resolvedTableNames
androidx.compose.runtime.Pending: kotlin.Lazy keyMap$delegate
androidx.compose.runtime.external.kotlinx.collections.immutable.adapters.ImmutableMapAdapter: androidx.compose.runtime.external.kotlinx.collections.immutable.ImmutableSet entries
androidx.room.RoomDatabaseKt__RoomDatabaseKt$useWriterConnection$2: androidx.room.RoomDatabase $this_useWriterConnection
androidx.compose.runtime.internal.ComposableLambdaImpl$invoke$13: int $changed
androidx.compose.runtime.UnboxedFloatState: int $stable
androidx.compose.runtime.internal.ComposableLambdaImpl$invoke$17: androidx.compose.runtime.internal.ComposableLambdaImpl this$0