app/build/outputs/mapping/release/usage.txt
com.kairos.DaggerKairosApplication_HiltComponents_SingletonC:
    private void <init>()
com.kairos.Hilt_MainActivity:
    void <init>(int)
com.kairos.KairosApplication$onCreate$1$invokeSuspend$$inlined$map$1$2$1:
    java.lang.Object L$0
com.kairos.KairosApplication:
    public final void setSettingsRepository(com.kairos.core.repository.SettingsRepository)
    public final void setWorkerFactory(androidx.hilt.work.HiltWorkerFactory)
    public final void setWorkerScheduler(com.kairos.data.backup.WorkerScheduler)
com.kairos.KairosApplication_ComponentTreeDeps
com.kairos.KairosApplication_HiltComponents$ActivityC$Builder
com.kairos.KairosApplication_HiltComponents$ActivityCBuilderModule
com.kairos.KairosApplication_HiltComponents$ActivityRetainedC$Builder
com.kairos.KairosApplication_HiltComponents$ActivityRetainedCBuilderModule
com.kairos.KairosApplication_HiltComponents$FragmentC$Builder
com.kairos.KairosApplication_HiltComponents$FragmentCBuilderModule
com.kairos.KairosApplication_HiltComponents$ServiceC$Builder
com.kairos.KairosApplication_HiltComponents$ServiceCBuilderModule
com.kairos.KairosApplication_HiltComponents$ViewC$Builder
com.kairos.KairosApplication_HiltComponents$ViewCBuilderModule
com.kairos.KairosApplication_HiltComponents$ViewModelC$Builder
com.kairos.KairosApplication_HiltComponents$ViewModelCBuilderModule
com.kairos.KairosApplication_HiltComponents$ViewWithFragmentC$Builder
com.kairos.KairosApplication_HiltComponents$ViewWithFragmentCBuilderModule
com.kairos.KairosApplication_HiltComponents
com.kairos.KairosApplication_MembersInjector:
    private final dagger.internal.Provider settingsRepositoryProvider
    private final dagger.internal.Provider workerFactoryProvider
    private final dagger.internal.Provider workerSchedulerProvider
    public void <init>(dagger.internal.Provider,dagger.internal.Provider,dagger.internal.Provider)
    public static dagger.MembersInjector create(dagger.internal.Provider,dagger.internal.Provider,dagger.internal.Provider)
    public static dagger.MembersInjector create(javax.inject.Provider,javax.inject.Provider,javax.inject.Provider)
    public void injectMembers(com.kairos.KairosApplication)
    public synthetic bridge void injectMembers(java.lang.Object)
com.kairos.MainActivity:
    public final void setSettingsRepository(com.kairos.core.repository.SettingsRepository)
com.kairos.MainActivity_MembersInjector:
    private final dagger.internal.Provider settingsRepositoryProvider
    public void <init>(dagger.internal.Provider)
    public static dagger.MembersInjector create(dagger.internal.Provider)
    public static dagger.MembersInjector create(javax.inject.Provider)
    public void injectMembers(com.kairos.MainActivity)
    public synthetic bridge void injectMembers(java.lang.Object)
com.kairos.R$color
com.kairos.R$drawable
com.kairos.R$mipmap
com.kairos.R$string
com.kairos.R$style
com.kairos.R$xml
com.kairos.R
com.kairos.core.R$font:
    private void <init>()
com.kairos.core.R
com.kairos.core.components.MediaAttachmentSectionKt$MediaAttachmentSection$lambda$11$lambda$7$lambda$6$$inlined$items$default$3
com.kairos.core.components.MediaDisplayItem:
    public static final int $stable
    public synthetic void <init>(int,java.lang.String,com.kairos.core.model.MediaType,java.lang.Long,boolean,int,kotlin.jvm.internal.DefaultConstructorMarker)
    public final int component1()
    public final java.lang.String component2()
    public final com.kairos.core.model.MediaType component3()
    public final java.lang.Long component4()
    public final boolean component5()
    public final com.kairos.core.components.MediaDisplayItem copy(int,java.lang.String,com.kairos.core.model.MediaType,java.lang.Long,boolean)
    public static synthetic com.kairos.core.components.MediaDisplayItem copy$default(com.kairos.core.components.MediaDisplayItem,int,java.lang.String,com.kairos.core.model.MediaType,java.lang.Long,boolean,int,java.lang.Object)
...
androidx.compose.material.icons.automirrored.rounded.FormatAlignLeftKt
androidx.compose.material.icons.automirrored.rounded.FormatAlignRightKt
androidx.compose.material.icons.automirrored.rounded.FormatIndentDecreaseKt
androidx.compose.material.icons.automirrored.rounded.FormatIndentIncreaseKt
androidx.compose.material.icons.automirrored.rounded.FormatListBulletedKt
androidx.compose.material.icons.automirrored.rounded.FormatTextdirectionLToRKt
androidx.compose.material.icons.automirrored.rounded.FormatTextdirectionRToLKt
androidx.compose.material.icons.automirrored.rounded.ForwardKt
androidx.compose.material.icons.automirrored.rounded.ForwardToInboxKt
androidx.compose.material.icons.automirrored.rounded.GradingKt
androidx.compose.material.icons.automirrored.rounded.HelpCenterKt
androidx.compose.material.icons.automirrored.rounded.HelpKt
androidx.compose.material.icons.automirrored.rounded.HelpOutlineKt
androidx.compose.material.icons.automirrored.rounded.InputKt
androidx.compose.material.icons.automirrored.rounded.InsertCommentKt
androidx.compose.material.icons.automirrored.rounded.InsertDriveFileKt
androidx.compose.material.icons.automirrored.rounded.KeyboardArrowLeftKt
androidx.compose.material.icons.automirrored.rounded.KeyboardArrowRightKt
androidx.compose.material.icons.automirrored.rounded.KeyboardBackspaceKt
androidx.compose.material.icons.automirrored.rounded.KeyboardReturnKt
androidx.compose.material.icons.automirrored.rounded.KeyboardTabKt
androidx.compose.material.icons.automirrored.rounded.LabelImportantKt
androidx.compose.material.icons.automirrored.rounded.LabelKt
androidx.compose.material.icons.automirrored.rounded.LabelOffKt
androidx.compose.material.icons.automirrored.rounded.LastPageKt
androidx.compose.material.icons.automirrored.rounded.LaunchKt
androidx.compose.material.icons.automirrored.rounded.LibraryBooksKt
androidx.compose.material.icons.automirrored.rounded.ListAltKt
androidx.compose.material.icons.automirrored.rounded.ListKt
androidx.compose.material.icons.automirrored.rounded.LiveHelpKt
androidx.compose.material.icons.automirrored.rounded.LoginKt
androidx.compose.material.icons.automirrored.rounded.LogoutKt
androidx.compose.material.icons.automirrored.rounded.ManageSearchKt
androidx.compose.material.icons.automirrored.rounded.MenuBookKt
androidx.compose.material.icons.automirrored.rounded.MenuOpenKt
androidx.compose.material.icons.automirrored.rounded.MergeTypeKt
androidx.compose.material.icons.automirrored.rounded.MessageKt
androidx.compose.material.icons.automirrored.rounded.MissedVideoCallKt
androidx.compose.material.icons.automirrored.rounded.MobileScreenShareKt
androidx.compose.material.icons.automirrored.rounded.MoreKt
androidx.compose.material.icons.automirrored.rounded.MultilineChartKt
androidx.compose.material.icons.automirrored.rounded.NavigateBeforeKt
androidx.compose.material.icons.automirrored.rounded.NavigateNextKt
androidx.compose.material.icons.automirrored.rounded.NextPlanKt
androidx.compose.material.icons.automirrored.rounded.NextWeekKt
androidx.compose.material.icons.automirrored.rounded.NotListedLocationKt
androidx.compose.material.icons.automirrored.rounded.NoteAddKt
androidx.compose.material.icons.automirrored.rounded.NoteKt
androidx.compose.material.icons.automirrored.rounded.NotesKt
androidx.compose.material.icons.automirrored.rounded.OfflineShareKt
androidx.compose.material.icons.automirrored.rounded.OpenInNewKt
androidx.compose.material.icons.automirrored.rounded.OutboundKt
androidx.compose.material.icons.automirrored.rounded.PhoneCallbackKt
androidx.compose.material.icons.automirrored.rounded.PhoneForwardedKt
androidx.compose.material.icons.automirrored.rounded.PhoneMissedKt
androidx.compose.material.icons.automirrored.rounded.PlaylistAddCheckKt
androidx.compose.material.icons.automirrored.rounded.PlaylistAddKt
androidx.compose.material.icons.automirrored.rounded.PlaylistPlayKt
androidx.compose.material.icons.automirrored.rounded.QueueMusicKt